Arguments: 
  /usr/local/bin/node /usr/local/bin/yarn

PATH: 
  /home/hpham/Android/Sdk/platform-tools:/home/hpham/bin:/home/hpham/.local/bin:/usr/local/sbin:/usr/local/bin:/usr/sbin:/usr/bin:/sbin:/bin:/usr/games:/usr/local/games:/snap/bin:/usr/lib/jvm/java-8-oracle/bin:/usr/lib/jvm/java-8-oracle/db/bin:/usr/lib/jvm/java-8-oracle/jre/bin

Yarn version: 
  0.27.5

Node version: 
  8.0.0

Platform: 
  linux x64

npm manifest: 
  {
    "name": "web-dev",
    "version": "1.0.0",
    "description": "Web Dev at Northeastern University",
    "main": "server.js",
    "dependencies": {
      "angular-route": "^1.6.5",
      "body-parser": "^1.17.2",
      "express": "^4.15.3",
      "mongoose": "^4.11.1",
      "multer": "^1.3.0",
      "q": "^1.5.0"
    },
    "devDependencies": {},
    "scripts": {
      "test": "echo \"Error: no test specified\" && exit 1",
      "start": "node server.js"
    },
    "author": "Jose G. Annunziato",
    "license": "ISC"
  }

yarn manifest: 
  No manifest

Lockfile: 
  No lockfile

Trace: 
  Error: EACCES: permission denied, mkdir '/home/hpham/NEU/pham-hoang-webdev/node_modules/require_optional/test'
